<?xml version="1.0" encoding="UTF-8"?>
<!-- Generated by org.testng.reporters.JUnitReportReporter -->
<testsuite hostname="LAPTOP-DOM19MQO" failures="0" tests="3" name="Test.Day3" time="0.004" errors="0" timestamp="2024-02-09T16:13:29 IST" skipped="0">
  <testcase classname="Test.Day3" name="WebLoginHomeLoan" time="0.001"/>
  <system-out/>
  <testcase classname="Test.Day3" name="LoginAPIHomeLoan" time="0.002"/>
  <system-out/>
  <testcase classname="Test.Day3" name="MobileLoginHomeLoan" time="0.001"/>
  <system-out/>
</testsuite> <!-- Test.Day3 -->
