<?xml version="1.0" encoding="UTF-8"?>
<!-- Generated by org.testng.reporters.JUnitReportReporter -->
<testsuite hostname="LAPTOP-DOM19MQO" failures="0" tests="6" name="Test.Day2" time="0.016" errors="0" timestamp="2024-02-09T16:13:29 IST" skipped="0">
  <testcase classname="Test.Day2" name="MobileSigninCarLoan" time="0.003"/>
  <system-out/>
  <testcase classname="Test.Day2" name="LoginAPICarLoan" time="0.002"/>
  <system-out/>
  <testcase classname="Test.Day2" name="MobileLoginCarLoan" time="0.004"/>
  <system-out/>
  <testcase classname="Test.Day2" name="MobileSignOutCarLoan" time="0.002"/>
  <system-out/>
  <testcase classname="Test.Day2" name="WebLoginCarLoan" time="0.002"/>
  <system-out/>
  <testcase classname="Test.Day2" name="MobileEnterCarLoan" time="0.003"/>
  <system-out/>
</testsuite> <!-- Test.Day2 -->
