<?xml version="1.0" encoding="UTF-8"?>
<!-- Generated by org.testng.reporters.JUnitReportReporter -->
<testsuite hostname="LAPTOP-DOM19MQO" failures="0" tests="2" name="PS1" time="0.020" errors="0" timestamp="2024-02-13T12:38:07 IST" skipped="0">
  <testcase classname="PS1" name="doThis" time="0.017"/>
  <system-out/>
  <testcase classname="PS1" name="testRun" time="0.003"/>
  <system-out/>
</testsuite> <!-- PS1 -->
