<?xml version="1.0" encoding="UTF-8"?>
<!-- Generated by org.testng.reporters.JUnitReportReporter -->
<testsuite hostname="LAPTOP-DOM19MQO" failures="0" tests="8" name="Day2" time="0.030" errors="0" timestamp="2024-05-02T15:25:54 IST" skipped="0">
  <testcase classname="Day2" name="MobileSignOutCarLoan" time="0.009"/>
  <system-out/>
  <testcase classname="Day2" name="MobileSignOutCarLoan" time="0.004"/>
  <system-out/>
  <testcase classname="Day2" name="MobileEnterCarLoan" time="0.004"/>
  <system-out/>
  <testcase classname="Day2" name="MobileSigninCarLoan" time="0.005"/>
  <system-out/>
  <testcase classname="Day2" name="MobileLoginCarLoan" time="0.003"/>
  <system-out/>
  <testcase classname="Day2" name="WebLoginCarLoan" time="0.002"/>
  <system-out/>
  <testcase classname="Day2" name="APICarLoan" time="0.002"/>
  <system-out/>
  <testcase classname="Day2" name="MobileSignOutCarLoan" time="0.001"/>
  <system-out/>
</testsuite> <!-- Day2 -->
