<?xml version="1.0" encoding="UTF-8"?>
<!-- Generated by org.testng.reporters.JUnitReportReporter -->
<testsuite hostname="LAPTOP-DOM19MQO" failures="0" tests="2" name="Test.Day" time="0.014" errors="0" timestamp="2024-02-09T16:13:29 IST" skipped="0">
  <testcase classname="Test.Day" name="Demo" time="0.012"/>
  <system-out/>
  <testcase classname="Test.Day" name="Demo2" time="0.002"/>
  <system-out/>
</testsuite> <!-- Test.Day -->
