<?xml version="1.0" encoding="UTF-8"?>
<!-- Generated by org.testng.reporters.JUnitReportReporter -->
<testsuite hostname="LAPTOP-DOM19MQO" failures="0" tests="1" name="Day" time="0.012" errors="0" timestamp="2024-05-02T15:25:54 IST" skipped="0">
  <testcase classname="Day" name="Demo2" time="0.012"/>
  <system-out/>
</testsuite> <!-- Day -->
